app/build/outputs/mapping/release/mapping.txt
# compiler: R8
# compiler_version: 1.5.68
# min_api: 19
# pg_map_id: bda07f7
com.example.uhf.UhfInfo -> com.example.uhf.a:
    java.lang.String selectItem -> a
    java.lang.String getSelectItem() -> a
    void setCount(int) -> a
    void setSelectItem(java.lang.String) -> a
    void setTagList(java.util.ArrayList) -> a
    void setTempDatas(java.util.List) -> a
    void setSelectIndex(int) -> b
    void setTagNumber(int) -> c
com.example.uhf.activity.BaseTabFragmentActivity -> com.example.uhf.activity.a:
    com.rscja.deviceapi.RFIDWithUHFUART mReader -> q
    com.example.uhf.fragment.KeyDwonFragment currentFragment -> r
    void toastMessage(java.lang.String) -> a
    boolean vailHexInput(java.lang.String) -> b
    void initUHF() -> j
com.example.uhf.activity.BaseTabFragmentActivity$InitTask -> com.example.uhf.activity.a$a:
    android.app.ProgressDialog mypDialog -> a
    com.example.uhf.activity.BaseTabFragmentActivity this$0 -> b
    java.lang.Boolean doInBackground(java.lang.String[]) -> a
    void onPostExecute(java.lang.Boolean) -> a
com.example.uhf.activity.SplashActivity -> com.example.uhf.activity.SplashActivity:
    int SPLASH_SCREEN_TIME_OUT -> s
    void toStartSplashScreen() -> k
com.example.uhf.activity.SplashActivity$1 -> com.example.uhf.activity.SplashActivity$a:
    com.example.uhf.activity.SplashActivity this$0 -> b
com.example.uhf.activity.UHFMainActivity -> com.example.uhf.activity.UHFMainActivity:
    java.util.HashMap soundMap -> w
    float volumnRatio -> y
    androidx.fragment.app.FragmentManager fm -> t
    androidx.fragment.app.FragmentTabHost mTabHost -> s
    java.util.ArrayList tagList -> v
    android.media.SoundPool soundPool -> x
    android.media.AudioManager am -> z
    com.example.uhf.UhfInfo uhfInfo -> u
    void playSound(int) -> b
    void initViewPageData() -> k
    void checkReadWritePermission() -> l
    void initSound() -> m
    void releaseSoundPool() -> n
com.example.uhf.fragment.BlockPermalockFragment -> com.example.uhf.b.a:
    android.widget.EditText EtAccessPwd -> k0
    android.widget.CheckBox cbBlock13 -> z0
    android.widget.CheckBox cbBlock14 -> A0
    android.widget.EditText EtPtr -> i0
    android.widget.CheckBox cbBlock8 -> u0
    android.widget.CheckBox cbBlock9 -> v0
    android.widget.CheckBox cbBlock7 -> t0
    android.widget.CheckBox cbBlock10 -> w0
    android.widget.EditText etLen_filter -> b0
    android.widget.CheckBox cbBlock6 -> s0
    android.widget.CheckBox cbBlock11 -> x0
    android.widget.EditText etData_filter -> c0
    android.widget.CheckBox cbBlock5 -> r0
    android.widget.CheckBox cbBlock12 -> y0
    android.widget.EditText EtRange -> a0
    android.widget.EditText etPtr_filter -> Z
    android.widget.CheckBox cbBlock4 -> q0
    android.widget.CheckBox cbBlock3 -> p0
    android.widget.CheckBox cbBlock2 -> o0
    android.widget.CheckBox cbBlock1 -> n0
    android.widget.Button btnOK -> l0
    android.widget.CheckBox cb_filter -> g0
    com.example.uhf.activity.UHFMainActivity mContext -> Y
    android.widget.Spinner SpinnerBank -> h0
    android.widget.Spinner SpinnerReadLock -> j0
    android.widget.RadioButton rbUser_filter -> f0
    android.widget.TextView maskbuf -> m0
    android.widget.CheckBox cbBlock16 -> C0
    android.widget.CheckBox cbBlock15 -> B0
    android.widget.RadioButton rbTID_filter -> e0
    android.widget.RadioButton rbEPC_filter -> d0
com.example.uhf.fragment.BlockPermalockFragment$1 -> com.example.uhf.b.a$a:
    com.example.uhf.fragment.BlockPermalockFragment this$0 -> a
...
androidx.recyclerview.widget.DefaultItemAnimator$4 -> androidx.recyclerview.widget.c$d:
    androidx.recyclerview.widget.DefaultItemAnimator this$0 -> d
    androidx.recyclerview.widget.RecyclerView$ViewHolder val$holder -> a
    android.view.ViewPropertyAnimator val$animation -> b
    android.view.View val$view -> c
androidx.recyclerview.widget.DefaultItemAnimator$5 -> androidx.recyclerview.widget.c$e:
    androidx.recyclerview.widget.DefaultItemAnimator this$0 -> d
    androidx.recyclerview.widget.RecyclerView$ViewHolder val$holder -> a
    android.view.ViewPropertyAnimator val$animation -> c
    android.view.View val$view -> b
androidx.recyclerview.widget.DefaultItemAnimator$6 -> androidx.recyclerview.widget.c$f:
    androidx.recyclerview.widget.RecyclerView$ViewHolder val$holder -> a
    android.view.ViewPropertyAnimator val$animation -> e
    androidx.recyclerview.widget.DefaultItemAnimator this$0 -> f
    android.view.View val$view -> c
    int val$deltaY -> d
    int val$deltaX -> b
androidx.recyclerview.widget.DefaultItemAnimator$7 -> androidx.recyclerview.widget.c$g:
    androidx.recyclerview.widget.DefaultItemAnimator this$0 -> d
    androidx.recyclerview.widget.DefaultItemAnimator$ChangeInfo val$changeInfo -> a
    android.view.ViewPropertyAnimator val$oldViewAnim -> b
    android.view.View val$view -> c
androidx.recyclerview.widget.DefaultItemAnimator$8 -> androidx.recyclerview.widget.c$h:
    androidx.recyclerview.widget.DefaultItemAnimator this$0 -> d
    androidx.recyclerview.widget.DefaultItemAnimator$ChangeInfo val$changeInfo -> a
    android.view.ViewPropertyAnimator val$newViewAnimation -> b
    android.view.View val$newView -> c
androidx.recyclerview.widget.DefaultItemAnimator$ChangeInfo -> androidx.recyclerview.widget.c$i:
    androidx.recyclerview.widget.RecyclerView$ViewHolder oldHolder -> a
    androidx.recyclerview.widget.RecyclerView$ViewHolder newHolder -> b
    int toY -> f
    int fromY -> d
    int toX -> e
    int fromX -> c
androidx.recyclerview.widget.DefaultItemAnimator$MoveInfo -> androidx.recyclerview.widget.c$j:
    androidx.recyclerview.widget.RecyclerView$ViewHolder holder -> a
    int toX -> d
    int toY -> e
    int fromX -> b
    int fromY -> c
androidx.recyclerview.widget.FastScroller -> androidx.recyclerview.widget.d:
    int mHorizontalThumbWidth -> n
    int mVerticalThumbCenterY -> l
    int[] mHorizontalRange -> y
    int mHorizontalTrackHeight -> j
    int mVerticalTrackWidth -> f
    boolean mNeedHorizontalScrollbar -> u
    int mMargin -> b
    androidx.recyclerview.widget.RecyclerView$OnScrollListener mOnScrollListener -> C
    int mAnimationState -> A
    java.lang.Runnable mHideRunnable -> B
    int[] EMPTY_STATE_SET -> E
    int mDragState -> w
    float mVerticalDragY -> m
    int mRecyclerViewWidth -> q
    android.graphics.drawable.Drawable mVerticalTrackDrawable -> d
    int mHorizontalThumbCenterX -> o
    int[] mVerticalRange -> x
    androidx.recyclerview.widget.RecyclerView mRecyclerView -> s
    android.graphics.drawable.Drawable mHorizontalTrackDrawable -> h
    int mVerticalThumbHeight -> k
    android.animation.ValueAnimator mShowHideAnimator -> z
    int mHorizontalThumbHeight -> i
    android.graphics.drawable.StateListDrawable mVerticalThumbDrawable -> c
    int mVerticalThumbWidth -> e
    android.graphics.drawable.StateListDrawable mHorizontalThumbDrawable -> g
    int mScrollbarMinimumRange -> a
    boolean mNeedVerticalScrollbar -> t
    int[] PRESSED_STATE_SET -> D
    int mState -> v
    float mHorizontalDragX -> p
    int mRecyclerViewHeight -> r
    void attachToRecyclerView(androidx.recyclerview.widget.RecyclerView) -> a
androidx.recyclerview.widget.FastScroller$1 -> androidx.recyclerview.widget.d$a:
    androidx.recyclerview.widget.FastScroller this$0 -> b